<?xml version="1.0" encoding="UTF-8"?>
<!-- Generated by org.testng.reporters.JUnitReportReporter -->
<testsuite skipped="0" hostname="DESKTOP-PPOL0UJ" name="test.TC_001" tests="1" failures="0" timestamp="20 Jul 2022 19:09:19 GMT" time="4.712" errors="0">
  <testcase name="login" time="4.712" classname="test.TC_001"/>
</testsuite> <!-- test.TC_001 -->
