<?xml version="1.0" encoding="UTF-8"?>
<!-- Generated by org.testng.reporters.JUnitReportReporter -->
<testsuite skipped="0" hostname="DESKTOP-PPOL0UJ" name="test.Order" tests="1" failures="0" timestamp="20 Jul 2022 17:00:49 GMT" time="1.093" errors="0">
  <testcase name="orderNow" time="1.093" classname="test.Order"/>
</testsuite> <!-- test.Order -->
